<?xml version="1.0" encoding="UTF-8"?>
<!-- Generated by org.testng.reporters.JUnitReportReporter -->
<testsuite hostname="DESKTOP-FT11B8R" failures="0" tests="3" name="com.demo.sauce.testCases.AuthTest" time="2.222" errors="0" timestamp="2025-06-15T21:39:36 WIB" skipped="0">
  <testcase classname="com.demo.sauce.testCases.AuthTest" name="verifyLogin" time="1.769"/>
  <testcase classname="com.demo.sauce.testCases.AuthTest" name="verifyLogout" time="0.282"/>
  <testcase classname="com.demo.sauce.testCases.AuthTest" name="verifyLoginNegative" time="0.171"/>
</testsuite> <!-- com.demo.sauce.testCases.AuthTest -->
