<?xml version="1.0" encoding="UTF-8"?>
<!-- Generated by org.testng.reporters.JUnitReportReporter -->
<testsuite hostname="DESKTOP-FT11B8R" failures="0" tests="4" name="com.demo.sauce.testCases.TransactionTest" time="1.484" errors="0" timestamp="2025-06-15T21:39:36 WIB" skipped="0">
  <testcase classname="com.demo.sauce.testCases.TransactionTest" name="checkOut" time="0.521"/>
  <testcase classname="com.demo.sauce.testCases.TransactionTest" name="addToCart" time="0.224"/>
  <testcase classname="com.demo.sauce.testCases.TransactionTest" name="checkFinishOrder" time="0.184"/>
  <testcase classname="com.demo.sauce.testCases.TransactionTest" name="verifyProduct" time="0.555"/>
</testsuite> <!-- com.demo.sauce.testCases.TransactionTest -->
