<?xml version="1.0" encoding="UTF-8"?>
<!-- Generated by org.testng.reporters.JUnitReportReporter -->
<testsuite hostname="DESKTOP-FT11B8R" failures="0" tests="1" name="com.demo.sauce.testCases.TC001_LoginTest" time="1.296" errors="0" timestamp="2025-06-15T16:19:59 WIB" skipped="0">
  <testcase classname="com.demo.sauce.testCases.TC001_LoginTest" name="verifyLogin" time="1.296"/>
</testsuite> <!-- com.demo.sauce.testCases.TC001_LoginTest -->
