<?xml version="1.0" encoding="UTF-8"?>
<!-- Generated by org.testng.reporters.JUnitReportReporter -->
<testsuite hostname="Conondrum" failures="0" tests="4" name="com.demo.sauce.testCases.TransactionTest" time="6.433" errors="0" timestamp="2025-07-07T10:57:07 WIB" skipped="0">
  <testcase classname="com.demo.sauce.testCases.TransactionTest" name="checkFinishOrder" time="0.870"/>
  <testcase classname="com.demo.sauce.testCases.TransactionTest" name="addToCart" time="0.790"/>
  <testcase classname="com.demo.sauce.testCases.TransactionTest" name="checkOut" time="1.773"/>
  <testcase classname="com.demo.sauce.testCases.TransactionTest" name="verifyProduct" time="3.000"/>
</testsuite> <!-- com.demo.sauce.testCases.TransactionTest -->
