<?xml version="1.0" encoding="UTF-8"?>
<!-- Generated by org.testng.reporters.JUnitReportReporter -->
<testsuite hostname="Conondrum" failures="0" tests="3" name="com.demo.sauce.testCases.AuthTest" time="5.626" errors="0" timestamp="2025-07-07T10:57:07 WIB" skipped="0">
  <testcase classname="com.demo.sauce.testCases.AuthTest" name="verifyLogin" time="4.107"/>
  <testcase classname="com.demo.sauce.testCases.AuthTest" name="verifyLogout" time="0.915"/>
  <testcase classname="com.demo.sauce.testCases.AuthTest" name="verifyLoginNegative" time="0.604"/>
</testsuite> <!-- com.demo.sauce.testCases.AuthTest -->
